This is pdfTeX, Version 3.14159265-2.6-1.40.20 (TeX Live 2019/Debian) (preloaded format=pdflatex 2024.5.3)  3 MAY 2024 19:29
entering extended mode
 restricted \write18 enabled.
 %&-line parsing enabled.
**switched_UAM.tex
(./switched_UAM.tex
LaTeX2e <2020-02-02> patch level 2
L3 programming layer <2020-02-14> (./ieeeconf.cls
Document Class: ieeeconf 2004/1/15 revision V1.6b by Pradeep Misra
\@IEEEtrantmpdimenA=\dimen134
\@IEEEtrantmpdimenB=\dimen135
\@IEEEtrantmpcountA=\count167
\@IEEEtrantmpcountB=\count168
\@IEEEtrantmptoksA=\toks14
LaTeX Font Info:    Trying to load font information for OT1+ptm on input line 7
92.
(/usr/share/texlive/texmf-dist/tex/latex/psnfss/ot1ptm.fd
File: ot1ptm.fd 2001/06/04 font definitions for OT1/ptm.
)
\@IEEEnormalsizefontbaselineskip=\skip47

-- This is a 10 point document.
\normalsizebaselineskip=\skip48
\normaljot=\skip49
LaTeX Font Info:    Font shape `OT1/ptm/bx/n' in size <5> not available
(Font)              Font shape `OT1/ptm/b/n' tried instead on input line 1111.
LaTeX Font Info:    Font shape `OT1/ptm/bx/it' in size <5> not available
(Font)              Font shape `OT1/ptm/b/it' tried instead on input line 1111.

LaTeX Font Info:    Font shape `OT1/ptm/bx/n' in size <7> not available
(Font)              Font shape `OT1/ptm/b/n' tried instead on input line 1111.
LaTeX Font Info:    Font shape `OT1/ptm/bx/it' in size <7> not available
(Font)              Font shape `OT1/ptm/b/it' tried instead on input line 1111.

LaTeX Font Info:    Font shape `OT1/ptm/bx/n' in size <8> not available
(Font)              Font shape `OT1/ptm/b/n' tried instead on input line 1111.
LaTeX Font Info:    Font shape `OT1/ptm/bx/it' in size <8> not available
(Font)              Font shape `OT1/ptm/b/it' tried instead on input line 1111.

LaTeX Font Info:    Font shape `OT1/ptm/bx/n' in size <9> not available
(Font)              Font shape `OT1/ptm/b/n' tried instead on input line 1111.
LaTeX Font Info:    Font shape `OT1/ptm/bx/it' in size <9> not available
(Font)              Font shape `OT1/ptm/b/it' tried instead on input line 1111.

LaTeX Font Info:    Font shape `OT1/ptm/bx/n' in size <10> not available
(Font)              Font shape `OT1/ptm/b/n' tried instead on input line 1111.
LaTeX Font Info:    Font shape `OT1/ptm/bx/it' in size <10> not available
(Font)              Font shape `OT1/ptm/b/it' tried instead on input line 1111.

LaTeX Font Info:    Font shape `OT1/ptm/bx/n' in size <11> not available
(Font)              Font shape `OT1/ptm/b/n' tried instead on input line 1111.
LaTeX Font Info:    Font shape `OT1/ptm/bx/it' in size <11> not available
(Font)              Font shape `OT1/ptm/b/it' tried instead on input line 1111.

LaTeX Font Info:    Font shape `OT1/ptm/bx/n' in size <12> not available
(Font)              Font shape `OT1/ptm/b/n' tried instead on input line 1111.
LaTeX Font Info:    Font shape `OT1/ptm/bx/it' in size <12> not available
(Font)              Font shape `OT1/ptm/b/it' tried instead on input line 1111.

LaTeX Font Info:    Font shape `OT1/ptm/bx/n' in size <16> not available
(Font)              Font shape `OT1/ptm/b/n' tried instead on input line 1111.
LaTeX Font Info:    Font shape `OT1/ptm/bx/it' in size <16> not available
(Font)              Font shape `OT1/ptm/b/it' tried instead on input line 1111.

LaTeX Font Info:    Font shape `OT1/ptm/bx/n' in size <20> not available
(Font)              Font shape `OT1/ptm/b/n' tried instead on input line 1111.
LaTeX Font Info:    Font shape `OT1/ptm/bx/it' in size <20> not available
(Font)              Font shape `OT1/ptm/b/it' tried instead on input line 1111.

LaTeX Font Info:    Font shape `OT1/ptm/bx/n' in size <24> not available
(Font)              Font shape `OT1/ptm/b/n' tried instead on input line 1111.
LaTeX Font Info:    Font shape `OT1/ptm/bx/it' in size <24> not available
(Font)              Font shape `OT1/ptm/b/it' tried instead on input line 1111.

\IEEEilabelindentA=\dimen136
\IEEEilabelindentB=\dimen137
\IEEEilabelindent=\dimen138
\IEEEelabelindent=\dimen139
\IEEEdlabelindent=\dimen140
\labelindent=\dimen141
\IEEEiednormlabelsep=\dimen142
\IEEEiedmathlabelsep=\dimen143
\IEEEiedtopsep=\skip50
\c@section=\count169
\c@subsection=\count170
\c@subsubsection=\count171
\c@paragraph=\count172
\c@IEEEsubequation=\count173
\abovecaptionskip=\skip51
\belowcaptionskip=\skip52
\c@figure=\count174
\c@table=\count175
\@IEEEeqnnumcols=\count176
\@IEEEeqncolcnt=\count177
\@IEEEtmpitemindent=\dimen144
\c@biography=\count178
\@IEEEtranrubishbin=\box45
)
** ATTENTION: Overriding command lockouts (line 10).
** ATTENTION: Overriding IEEE standard margins (line 13).
(/usr/share/texlive/texmf-dist/tex/latex/mathtools/mathtools.sty
Package: mathtools 2020/01/17 v1.23 mathematical typesetting tools

(/usr/share/texlive/texmf-dist/tex/latex/graphics/keyval.sty
Package: keyval 2014/10/28 v1.15 key=value parser (DPC)
\KV@toks@=\toks15
)
(/usr/share/texlive/texmf-dist/tex/latex/tools/calc.sty
Package: calc 2017/05/25 v4.3 Infix arithmetic (KKT,FJ)
\calc@Acount=\count179
\calc@Bcount=\count180
\calc@Adimen=\dimen145
\calc@Bdimen=\dimen146
\calc@Askip=\skip53
\calc@Bskip=\skip54
LaTeX Info: Redefining \setlength on input line 80.
LaTeX Info: Redefining \addtolength on input line 81.
\calc@Ccount=\count181
\calc@Cskip=\skip55
)
(/usr/share/texlive/texmf-dist/tex/latex/mathtools/mhsetup.sty
Package: mhsetup 2017/03/31 v1.3 programming setup (MH)
)
(/usr/share/texlive/texmf-dist/tex/latex/amsmath/amsmath.sty
Package: amsmath 2020/01/20 v2.17e AMS math features
\@mathmargin=\skip56

For additional information on amsmath, use the `?' option.
(/usr/share/texlive/texmf-dist/tex/latex/amsmath/amstext.sty
Package: amstext 2000/06/29 v2.01 AMS text

(/usr/share/texlive/texmf-dist/tex/latex/amsmath/amsgen.sty
File: amsgen.sty 1999/11/30 v2.0 generic functions
\@emptytoks=\toks16
\ex@=\dimen147
))
(/usr/share/texlive/texmf-dist/tex/latex/amsmath/amsbsy.sty
Package: amsbsy 1999/11/29 v1.2d Bold Symbols
\pmbraise@=\dimen148
)
(/usr/share/texlive/texmf-dist/tex/latex/amsmath/amsopn.sty
Package: amsopn 2016/03/08 v2.02 operator names
)
\inf@bad=\count182
LaTeX Info: Redefining \frac on input line 227.
\uproot@=\count183
\leftroot@=\count184
LaTeX Info: Redefining \overline on input line 389.
\classnum@=\count185
\DOTSCASE@=\count186
LaTeX Info: Redefining \ldots on input line 486.
LaTeX Info: Redefining \dots on input line 489.
LaTeX Info: Redefining \cdots on input line 610.
\Mathstrutbox@=\box46
\strutbox@=\box47
\big@size=\dimen149
LaTeX Font Info:    Redeclaring font encoding OML on input line 733.
LaTeX Font Info:    Redeclaring font encoding OMS on input line 734.
\macc@depth=\count187
\c@MaxMatrixCols=\count188
\dotsspace@=\muskip16
\c@parentequation=\count189
\dspbrk@lvl=\count190
\tag@help=\toks17
\row@=\count191
\column@=\count192
\maxfields@=\count193
\andhelp@=\toks18
\eqnshift@=\dimen150
\alignsep@=\dimen151
\tagshift@=\dimen152
\tagwidth@=\dimen153
\totwidth@=\dimen154
\lineht@=\dimen155
\@envbody=\toks19
\multlinegap=\skip57
\multlinetaggap=\skip58
\mathdisplay@stack=\toks20
LaTeX Info: Redefining \[ on input line 2859.
LaTeX Info: Redefining \] on input line 2860.
)
LaTeX Info: Thecontrolsequence`\('isalreadyrobust on input line 129.
LaTeX Info: Thecontrolsequence`\)'isalreadyrobust on input line 129.
LaTeX Info: Thecontrolsequence`\['isalreadyrobust on input line 129.
LaTeX Info: Thecontrolsequence`\]'isalreadyrobust on input line 129.
\g_MT_multlinerow_int=\count194
\l_MT_multwidth_dim=\dimen156
\origjot=\skip59
\l_MT_shortvdotswithinadjustabove_dim=\dimen157
\l_MT_shortvdotswithinadjustbelow_dim=\dimen158
\l_MT_above_intertext_sep=\dimen159
\l_MT_below_intertext_sep=\dimen160
\l_MT_above_shortintertext_sep=\dimen161
\l_MT_below_shortintertext_sep=\dimen162
)
(/usr/share/texlive/texmf-dist/tex/latex/was/gensymb.sty
Package: gensymb 2003/07/02 v1.0 (WaS)
)
(/usr/share/texlive/texmf-dist/tex/latex/adjustbox/adjustbox.sty
Package: adjustbox 2019/01/04 v1.2 Adjusting TeX boxes (trim, clip, ...)

(/usr/share/texlive/texmf-dist/tex/latex/xkeyval/xkeyval.sty
Package: xkeyval 2014/12/03 v2.7a package option processing (HA)

(/usr/share/texlive/texmf-dist/tex/generic/xkeyval/xkeyval.tex
(/usr/share/texlive/texmf-dist/tex/generic/xkeyval/xkvutils.tex
\XKV@toks=\toks21
\XKV@tempa@toks=\toks22
)
\XKV@depth=\count195
File: xkeyval.tex 2014/12/03 v2.7a key=value parser (HA)
))
(/usr/share/texlive/texmf-dist/tex/latex/adjustbox/adjcalc.sty
Package: adjcalc 2012/05/16 v1.1 Provides advanced setlength with multiple back
-ends (calc, etex, pgfmath)
)
(/usr/share/texlive/texmf-dist/tex/latex/adjustbox/trimclip.sty
Package: trimclip 2018/04/08 v1.1 Trim and clip general TeX material

(/usr/share/texlive/texmf-dist/tex/latex/graphics/graphicx.sty
Package: graphicx 2019/11/30 v1.2a Enhanced LaTeX Graphics (DPC,SPQR)

(/usr/share/texlive/texmf-dist/tex/latex/graphics/graphics.sty
Package: graphics 2019/11/30 v1.4a Standard LaTeX Graphics (DPC,SPQR)

(/usr/share/texlive/texmf-dist/tex/latex/graphics/trig.sty
Package: trig 2016/01/03 v1.10 sin cos tan (DPC)
)
(/usr/share/texlive/texmf-dist/tex/latex/graphics-cfg/graphics.cfg
File: graphics.cfg 2016/06/04 v1.11 sample graphics configuration
)
Package graphics Info: Driver file: pdftex.def on input line 105.

(/usr/share/texlive/texmf-dist/tex/latex/graphics-def/pdftex.def
File: pdftex.def 2018/01/08 v1.0l Graphics/color driver for pdftex
))
\Gin@req@height=\dimen163
\Gin@req@width=\dimen164
)
(/usr/share/texlive/texmf-dist/tex/latex/collectbox/collectbox.sty
Package: collectbox 2012/05/17 v0.4b Collect macro arguments as boxes
\collectedbox=\box48
)
\tc@llx=\dimen165
\tc@lly=\dimen166
\tc@urx=\dimen167
\tc@ury=\dimen168
Package trimclip Info: Using driver 'tc-pdftex.def'.

(/usr/share/texlive/texmf-dist/tex/latex/adjustbox/tc-pdftex.def
File: tc-pdftex.def 2019/01/04 v2.2 Clipping driver for pdftex
))
\adjbox@Width=\dimen169
\adjbox@Height=\dimen170
\adjbox@Depth=\dimen171
\adjbox@Totalheight=\dimen172
\adjbox@pwidth=\dimen173
\adjbox@pheight=\dimen174
\adjbox@pdepth=\dimen175
\adjbox@ptotalheight=\dimen176

(/usr/share/texlive/texmf-dist/tex/latex/ifoddpage/ifoddpage.sty
Package: ifoddpage 2016/04/23 v1.1 Conditionals for odd/even page detection
\c@checkoddpage=\count196
)
(/usr/share/texlive/texmf-dist/tex/latex/varwidth/varwidth.sty
Package: varwidth 2009/03/30 ver 0.92;  Variable-width minipages
\@vwid@box=\box49
\sift@deathcycles=\count197
\@vwid@loff=\dimen177
\@vwid@roff=\dimen178
))
(/usr/share/texlive/texmf-dist/tex/latex/graphics/color.sty
Package: color 2019/11/23 v1.2a Standard LaTeX Color (DPC)

(/usr/share/texlive/texmf-dist/tex/latex/graphics-cfg/color.cfg
File: color.cfg 2016/01/02 v1.6 sample color configuration
)
Package color Info: Driver file: pdftex.def on input line 147.
)
(/usr/share/texlive/texmf-dist/tex/latex/graphics/epsfig.sty
Package: epsfig 2017/06/25 v1.7b (e)psfig emulation (SPQR)
\epsfxsize=\dimen179
\epsfysize=\dimen180
)
(/usr/share/texlive/texmf-dist/tex/latex/psnfss/times.sty
Package: times 2005/04/12 PSNFSS-v9.2a (SPQR) 
)
(/usr/share/texlive/texmf-dist/tex/latex/amsfonts/amssymb.sty
Package: amssymb 2013/01/14 v3.01 AMS font symbols

(/usr/share/texlive/texmf-dist/tex/latex/amsfonts/amsfonts.sty
Package: amsfonts 2013/01/14 v3.01 Basic AMSFonts support
\symAMSa=\mathgroup4
\symAMSb=\mathgroup5
LaTeX Font Info:    Redeclaring math symbol \hbar on input line 98.
LaTeX Font Info:    Overwriting math alphabet `\mathfrak' in version `bold'
(Font)                  U/euf/m/n --> U/euf/b/n on input line 106.
))
(/usr/share/texlive/texmf-dist/tex/latex/leftidx/leftidx.sty
Package: leftidx 2003/09/24 v1.03 Left indices
)
\c@theorem=\count198
\c@remark=\count199
\c@assum=\count266
\c@property=\count267
\c@observation=\count268
\c@mydef=\count269

(/usr/share/texlive/texmf-dist/tex/latex/siunitx/siunitx.sty
(/usr/share/texlive/texmf-dist/tex/latex/l3kernel/expl3.sty
Package: expl3 2020-02-14 L3 programming layer (loader) 

(/usr/share/texlive/texmf-dist/tex/latex/l3backend/l3backend-pdfmode.def
File: l3backend-pdfmode.def 2020-02-03 L3 backend support: PDF mode
\l__kernel_color_stack_int=\count270
\l__pdf_internal_box=\box50
))
(/usr/share/texlive/texmf-dist/tex/latex/l3packages/xparse/xparse.sty
Package: xparse 2020-02-14 L3 Experimental document command parser
\l__xparse_current_arg_int=\count271
\g__xparse_grabber_int=\count272
\l__xparse_m_args_int=\count273
\l__xparse_v_nesting_int=\count274
)
Package: siunitx 2020/01/15 v2.7u A comprehensive (SI) units package

(/usr/share/texlive/texmf-dist/tex/latex/tools/array.sty
Package: array 2019/08/31 v2.4l Tabular extension package (FMi)
\col@sep=\dimen181
\ar@mcellbox=\box51
\extrarowheight=\dimen182
\NC@list=\toks23
\extratabsurround=\skip60
\backup@length=\skip61
\ar@cellbox=\box52
)
(/usr/share/texlive/texmf-dist/tex/latex/l3packages/l3keys2e/l3keys2e.sty
Package: l3keys2e 2020-02-14 LaTeX2e option processing using LaTeX3 keys
)
\l__siunitx_tmp_box=\box53
\l__siunitx_tmp_dim=\dimen183
\l__siunitx_tmp_int=\count275
\l__siunitx_number_mantissa_length_int=\count276
\l__siunitx_number_uncert_length_int=\count277
\l__siunitx_round_int=\count278
\l__siunitx_process_decimal_int=\count279
\l__siunitx_process_uncertainty_int=\count280
\l__siunitx_process_fixed_int=\count281
\l__siunitx_process_integer_min_int=\count282
\l__siunitx_process_precision_int=\count283
\l__siunitx_group_min_int=\count284
\l__siunitx_angle_marker_box=\box54
\l__siunitx_angle_unit_box=\box55
\l__siunitx_angle_marker_dim=\dimen184
\l__siunitx_angle_unit_dim=\dimen185
\l__siunitx_unit_int=\count285
\l__siunitx_unit_denominator_int=\count286
\l__siunitx_unit_numerator_int=\count287
\l__siunitx_unit_prefix_int=\count288
\l__siunitx_unit_prefix_base_int=\count289
\l__siunitx_unit_prefix_gram_int=\count290
\l__siunitx_number_product_int=\count291
\c__siunitx_one_fill_skip=\skip62
\l__siunitx_table_unit_align_skip=\skip63
\l__siunitx_table_exponent_dim=\dimen186
\l__siunitx_table_integer_dim=\dimen187
\l__siunitx_table_mantissa_dim=\dimen188
\l__siunitx_table_marker_dim=\dimen189
\l__siunitx_table_result_dim=\dimen190
\l__siunitx_table_uncert_dim=\dimen191
\l__siunitx_table_fill_pre_dim=\dimen192
\l__siunitx_table_fill_post_dim=\dimen193
\l__siunitx_table_fill_mid_dim=\dimen194
\l__siunitx_table_pre_box=\box56
\l__siunitx_table_post_box=\box57
\l__siunitx_table_mantissa_box=\box58
\l__siunitx_table_result_box=\box59
\l__siunitx_table_number_align_skip=\skip64
\l__siunitx_table_text_align_skip=\skip65

(/usr/share/texlive/texmf-dist/tex/latex/translator/translator.sty
Package: translator 2019-05-31 v1.12a Easy translation of strings in LaTeX
))
(/usr/share/texlive/texmf-dist/tex/latex/cite/cite.sty
LaTeX Info: Redefining \cite on input line 302.
LaTeX Info: Redefining \nocite on input line 332.
Package: cite 2015/02/27  v 5.5
)
(/usr/share/texlive/texmf-dist/tex/latex/nomencl/nomencl.sty
Package: nomencl 2019/11/23 v5.3 Nomenclature package

(/usr/share/texlive/texmf-dist/tex/latex/base/ifthen.sty
Package: ifthen 2014/09/29 v1.1c Standard LaTeX ifthen package (DPC)
)
(/usr/share/texlive/texmf-dist/tex/latex/koma-script/tocbasic.sty
Package: tocbasic 2020/01/24 v3.29 KOMA-Script package (handling toc-files)

(/usr/share/texlive/texmf-dist/tex/latex/koma-script/scrbase.sty
Package: scrbase 2020/01/24 v3.29 KOMA-Script package (KOMA-Script-independent 
basics and keyval usage)

(/usr/share/texlive/texmf-dist/tex/latex/koma-script/scrlfile.sty
Package: scrlfile 2020/01/24 v3.29 KOMA-Script package (loading files)
))
\scr@dte@tocline@numberwidth=\skip66
\scr@dte@tocline@numbox=\box60
)
Package tocbasic Info: setting babel extension for `nlo' on input line 163.
Package tocbasic Info: setting babel extension for `nls' on input line 164.
\nomlabelwidth=\dimen195
\nom@tempdim=\dimen196
\nomitemsep=\skip67
)
\@nomenclaturefile=\write3
\openout3 = `switched_UAM.nlo'.

Package nomencl Info: Writing nomenclature file switched_UAM.nlo on input line 
54.

(/usr/share/texlive/texmf-dist/tex/latex/algorithms/algorithm.sty
Package: algorithm 2009/08/24 v0.1 Document Style `algorithm' - floating enviro
nment

(/usr/share/texlive/texmf-dist/tex/latex/float/float.sty
Package: float 2001/11/08 v1.3d Float enhancements (AL)
\c@float@type=\count292
\float@exts=\toks24
\float@box=\box61
\@float@everytoks=\toks25
\@floatcapt=\box62
)
\@float@every@algorithm=\toks26
\c@algorithm=\count293
)
(/usr/share/texlive/texmf-dist/tex/latex/algorithms/algorithmic.sty
Package: algorithmic 2009/08/24 v0.1 Document Style `algorithmic'
\c@ALC@unique=\count294
\c@ALC@line=\count295
\c@ALC@rem=\count296
\c@ALC@depth=\count297
\ALC@tlm=\skip68
\algorithmicindent=\skip69
)
(/usr/share/texlive/texmf-dist/tex/latex/tablefootnote/tablefootnote.sty
Package: tablefootnote 2014/01/26 v1.1c Table foot notes (HMM)

(/usr/share/texlive/texmf-dist/tex/generic/ltxcmds/ltxcmds.sty
Package: ltxcmds 2019/12/15 v1.24 LaTeX kernel commands for general use (HO)
)
(/usr/share/texlive/texmf-dist/tex/latex/letltxmacro/letltxmacro.sty
Package: letltxmacro 2019/12/03 v1.6 Let assignment for LaTeX macros (HO)
)
(/usr/share/texlive/texmf-dist/tex/latex/xifthen/xifthen.sty
Package: xifthen 2015/11/05 v1.4.0 Extended ifthen features

(/usr/share/texlive/texmf-dist/tex/latex/ifmtarg/ifmtarg.sty
Package: ifmtarg 2018/04/16 v1.2b check for an empty argument
))
(/usr/share/texlive/texmf-dist/tex/latex/etoolbox/etoolbox.sty
Package: etoolbox 2019/09/21 v2.5h e-TeX tools for LaTeX (JAW)
\etb@tempcnta=\count298
))
(./switched_UAM.aux

LaTeX Warning: Label `eq:s_p' multiply defined.


LaTeX Warning: Label `zeta1' multiply defined.


LaTeX Warning: Label `dynamics_q' multiply defined.


LaTeX Warning: Label `zeta1' multiply defined.


LaTeX Warning: Label `ct3' multiply defined.


LaTeX Warning: Label `tau_alpha' multiply defined.


LaTeX Warning: Label `del_alpha' multiply defined.


LaTeX Warning: Label `up_bound_alpha' multiply defined.


LaTeX Warning: Label `rho_alpha' multiply defined.


LaTeX Warning: Label `adaptive_law_alpha' multiply defined.


LaTeX Warning: Label `zeta1' multiply defined.

)
\openout1 = `switched_UAM.aux'.

LaTeX Font Info:    Checking defaults for OML/cmm/m/it on input line 76.
LaTeX Font Info:    ... okay on input line 76.
LaTeX Font Info:    Checking defaults for OMS/cmsy/m/n on input line 76.
LaTeX Font Info:    ... okay on input line 76.
LaTeX Font Info:    Checking defaults for OT1/cmr/m/n on input line 76.
LaTeX Font Info:    ... okay on input line 76.
LaTeX Font Info:    Checking defaults for T1/cmr/m/n on input line 76.
LaTeX Font Info:    ... okay on input line 76.
LaTeX Font Info:    Checking defaults for TS1/cmr/m/n on input line 76.
LaTeX Font Info:    ... okay on input line 76.
LaTeX Font Info:    Checking defaults for OMX/cmex/m/n on input line 76.
LaTeX Font Info:    ... okay on input line 76.
LaTeX Font Info:    Checking defaults for U/cmr/m/n on input line 76.
LaTeX Font Info:    ... okay on input line 76.
LaTeX Info: Redefining \celsius on input line 76.
Package gensymb Info: Faking symbols for \degree and \celsius on input line 76.



Package gensymb Warning: Not defining \perthousand.

LaTeX Info: Redefining \ohm on input line 76.
Package gensymb Info: Using \Omega for \ohm on input line 76.

Package gensymb Warning: Not defining \micro.

(/usr/share/texlive/texmf-dist/tex/context/base/mkii/supp-pdf.mkii
[Loading MPS to PDF converter (version 2006.09.02).]
\scratchcounter=\count299
\scratchdimen=\dimen197
\scratchbox=\box63
\nofMPsegments=\count300
\nofMParguments=\count301
\everyMPshowfont=\toks27
\MPscratchCnt=\count302
\MPscratchDim=\dimen198
\MPnumerator=\count303
\makeMPintoPDFobject=\count304
\everyMPtoPDFconversion=\toks28
) (/usr/share/texlive/texmf-dist/tex/latex/epstopdf-pkg/epstopdf-base.sty
Package: epstopdf-base 2020-01-24 v2.11 Base part for package epstopdf
Package epstopdf-base Info: Redefining graphics rule for `.eps' on input line 4
85.

(/usr/share/texlive/texmf-dist/tex/latex/latexconfig/epstopdf-sys.cfg
File: epstopdf-sys.cfg 2010/07/13 v1.3 Configuration of (r)epstopdf for TeX Liv
e
))
(/usr/share/texlive/texmf-dist/tex/latex/translator/translator-basic-dictionary
-English.dict
Dictionary: translator-basic-dictionary, Language: English 
)
(/usr/share/texlive/texmf-dist/tex/latex/siunitx/siunitx-abbreviations.cfg
File: siunitx-abbreviations.cfg 2017/11/26 v2.7k siunitx: Abbreviated units
)
LaTeX Font Info:    Trying to load font information for U+msa on input line 76.


(/usr/share/texlive/texmf-dist/tex/latex/amsfonts/umsa.fd
File: umsa.fd 2013/01/14 v3.01 AMS symbols A
)
LaTeX Font Info:    Trying to load font information for U+msb on input line 76.


(/usr/share/texlive/texmf-dist/tex/latex/amsfonts/umsb.fd
File: umsb.fd 2013/01/14 v3.01 AMS symbols B
)
LaTeX Font Info:    Trying to load font information for OT1+pcr on input line 8
0.

(/usr/share/texlive/texmf-dist/tex/latex/psnfss/ot1pcr.fd
File: ot1pcr.fd 2001/06/04 font definitions for OT1/pcr.
)

LaTeX Warning: Reference `robot_model' on page 1 undefined on input line 117.


LaTeX Warning: Citation `arleo2013control' on page 1 undefined on input line 12
3.


Underfull \hbox (badness 2096) in paragraph at lines 117--124
[]\OT1/ptm/m/n/10 We have con-sid-ered con-sider an gen-er-al-ized aerial-
 []


LaTeX Warning: Reference `pos' on page 1 undefined on input line 216.


LaTeX Warning: Reference `att' on page 1 undefined on input line 216.


LaTeX Warning: Reference `man' on page 1 undefined on input line 216.

[1{/var/lib/texmf/fonts/map/pdftex/updmap/pdftex.map}


]

LaTeX Warning: Citation `spong2008robot' on page 2 undefined on input line 218.



Underfull \hbox (badness 10000) in paragraph at lines 235--237
[]\OT1/ptm/m/n/10 The de-sired tra-jec-to-ries $\OML/cmm/m/it/10 ^^_[] \OT1/cmr
/m/n/10 =
 []


Underfull \hbox (badness 2894) in paragraph at lines 235--237
[][]$ \OT1/ptm/m/n/10 and their time-derivatives $[]\OML/cmm/m/it/10 ; []$ \OT1
/ptm/m/n/10 are
 []


LaTeX Warning: Reference `eq:tau_p' on page 2 undefined on input line 284.


LaTeX Warning: Reference `mass' on page 2 undefined on input line 289.


LaTeX Warning: Reference `cp' on page 2 undefined on input line 333.


LaTeX Warning: Reference `rem_zeta' on page 2 undefined on input line 356.


LaTeX Warning: Reference `' on page 2 undefined on input line 368.


LaTeX Warning: Reference `' on page 2 undefined on input line 368.


LaTeX Warning: Citation `mellinger2011minimum' on page 2 undefined on input lin
e 394.

[2]

LaTeX Warning: Reference `mass' on page 3 undefined on input line 405.


LaTeX Warning: Reference `eq:s_q' on page 3 undefined on input line 411.


LaTeX Warning: Reference `eq:tau_q' on page 3 undefined on input line 411.


LaTeX Warning: Reference `cp' on page 3 undefined on input line 429.


LaTeX Warning: Reference `rem_zeta' on page 3 undefined on input line 448.


LaTeX Warning: Reference `' on page 3 undefined on input line 460.


LaTeX Warning: Reference `' on page 3 undefined on input line 460.


LaTeX Warning: Reference `mass' on page 3 undefined on input line 474.


LaTeX Warning: Reference `eq:tau_alpha' on page 3 undefined on input line 480.


LaTeX Warning: Reference `calpha' on page 3 undefined on input line 501.

[3]

LaTeX Warning: Reference `rem_zeta' on page 4 undefined on input line 520.


LaTeX Warning: Reference `' on page 4 undefined on input line 532.


LaTeX Warning: Reference `' on page 4 undefined on input line 532.


Overfull \hbox (40.08656pt too wide) detected at line 548
[]\OT1/cmr/m/n/10 ([](\OML/cmm/m/it/10 t\OT1/cmr/m/n/10 ) \OMS/cmsy/m/n/10 ^^@ 
[]\OT1/cmr/m/n/10 (\OML/cmm/m/it/10 t\OT1/cmr/m/n/10 )) + \OML/cmm/m/it/10 B[]\
OT1/cmr/m/n/10 ([](\OML/cmm/m/it/10 t\OT1/cmr/m/n/10 ) \OMS/cmsy/m/n/10 ^^@ []\
OT1/cmr/m/n/10 (\OML/cmm/m/it/10 t\OT1/cmr/m/n/10 )) + \OML/cmm/m/it/10 K[]\OT1
/cmr/m/n/10 (\OML/cmm/m/it/10 \OT1/cmr/m/n/10 (\OML/cmm/m/it/10 t\OT1/cmr/m/n/
10 ) \OMS/cmsy/m/n/10 ^^@ [] \OT1/cmr/m/n/10 = \OML/cmm/m/it/10 ^^\[] \OMS/cmsy
/m/n/10 ^^@ \OML/cmm/m/it/10 ^^\[]
 []


LaTeX Warning: Reference `devsol7' on page 4 undefined on input line 649.

[4]

LaTeX Warning: Reference `mass' on page 5 undefined on input line 668.


Overfull \hbox (1.42773pt too wide) detected at line 704
[][] \OT1/cmr/m/n/10 = \OMS/cmsy/m/n/10 ^^@\OML/cmm/m/it/10 E[] \OT1/cmr/m/n/10
 + \OML/cmm/m/it/10 ^^\[] \OT1/cmr/m/n/10 + \OML/cmm/m/it/10 ^^\[] \OMS/cmsy/m/
n/10 ^^@ []\OT1/cmr/m/n/10 [[] \OMS/cmsy/m/n/10 ^^@ \OML/cmm/m/it/10 ^^U[] \OMS
/cmsy/m/n/10 ^^@ \OML/cmm/m/it/10 g[]\OT1/cmr/m/n/10 (\OML/cmm/m/it/10 t\OT1/c
mr/m/n/10 ) + \OML/cmm/m/it/10 K[]e[]\OT1/cmr/m/n/10 ]
 []


Overfull \hbox (36.57213pt too wide) detected at line 716
[]
 []


LaTeX Warning: Reference `rem_zeta' on page 5 undefined on input line 741.


LaTeX Warning: Reference `' on page 5 undefined on input line 753.


LaTeX Warning: Reference `' on page 5 undefined on input line 753.


** Conference Paper **
Before submitting the final camera ready copy, remember to:

 1. Manually equalize the lengths of two columns on the last page
 of your paper;

 2. Ensure that any PostScript and/or PDF output post-processing
 uses only Type 1 fonts and that every step in the generation
 process uses the US letter (8.5in X 11in) paper size.

[5] (./switched_UAM.aux)

LaTeX Warning: There were undefined references.


LaTeX Warning: There were multiply-defined labels.

 ) 
Here is how much of TeX's memory you used:
 9204 strings out of 483107
 176895 string characters out of 5964631
 462000 words of memory out of 5000000
 24060 multiletter control sequences out of 15000+600000
 573681 words of font info for 115 fonts, out of 8000000 for 9000
 59 hyphenation exceptions out of 8191
 45i,16n,40p,779b,414s stack positions out of 5000i,500n,10000p,200000b,80000s
{/usr/share/texlive/texmf-dist/fonts/enc/dvips/base/8r.enc}</usr/share/texliv
e/texmf-dist/fonts/type1/public/amsfonts/cm/cmbx10.pfb></usr/share/texlive/texm
f-dist/fonts/type1/public/amsfonts/cm/cmex10.pfb></usr/share/texlive/texmf-dist
/fonts/type1/public/amsfonts/cm/cmmi10.pfb></usr/share/texlive/texmf-dist/fonts
/type1/public/amsfonts/cm/cmmi5.pfb></usr/share/texlive/texmf-dist/fonts/type1/
public/amsfonts/cm/cmmi7.pfb></usr/share/texlive/texmf-dist/fonts/type1/public/
amsfonts/cm/cmmib10.pfb></usr/share/texlive/texmf-dist/fonts/type1/public/amsfo
nts/cm/cmr10.pfb></usr/share/texlive/texmf-dist/fonts/type1/public/amsfonts/cm/
cmr5.pfb></usr/share/texlive/texmf-dist/fonts/type1/public/amsfonts/cm/cmr7.pfb
></usr/share/texlive/texmf-dist/fonts/type1/public/amsfonts/cm/cmsy10.pfb></usr
/share/texlive/texmf-dist/fonts/type1/public/amsfonts/cm/cmsy7.pfb></usr/share/
texlive/texmf-dist/fonts/type1/public/amsfonts/symbols/msam10.pfb></usr/share/t
exlive/texmf-dist/fonts/type1/public/amsfonts/symbols/msbm10.pfb></usr/share/te
xlive/texmf-dist/fonts/type1/urw/times/utmb8a.pfb></usr/share/texlive/texmf-dis
t/fonts/type1/urw/times/utmbi8a.pfb></usr/share/texlive/texmf-dist/fonts/type1/
urw/times/utmr8a.pfb></usr/share/texlive/texmf-dist/fonts/type1/urw/times/utmri
8a.pfb>
Output written on switched_UAM.pdf (5 pages, 204227 bytes).
PDF statistics:
 89 PDF objects out of 1000 (max. 8388607)
 64 compressed objects within 1 object stream
 0 named destinations out of 1000 (max. 500000)
 1 words of extra memory for PDF output out of 10000 (max. 10000000)

